#
# A fatal error has been detected by the Java Runtime Environment:
#
#  Internal Error (0xc0020001), pid=3384, tid=5008
#
# JRE version: Java(TM) SE Runtime Environment (7.0_45-b18) (build 1.7.0_45-b18)
# Java VM: Java HotSpot(TM) Client VM (24.45-b08 mixed mode windows-x86 )
# Problematic frame:
# C  [KERNELBASE.dll+0xc42d]
#
# Failed to write core dump. Minidumps are not enabled by default on client versions of Windows
#
# If you would like to submit a bug report, please visit:
#   http://bugreport.sun.com/bugreport/crash.jsp
# The crash happened outside the Java Virtual Machine in native code.
# See problematic frame for where to report the bug.
#

---------------  T H R E A D  ---------------

Current thread (0x0b41a800):  JavaThread "Thread-0" daemon [_thread_in_native, id=5008, stack(0x0b090000,0x0b190000)]

siginfo: ExceptionCode=0xc0020001, ExceptionInformation=0x8007042b 

Registers:
EAX=0x0b18e62c, EBX=0x203002d0, ECX=0x00000001, EDX=0x00000000
ESP=0x0b18e62c, EBP=0x0b18e67c, ESI=0x0652f180, EDI=0x0b41a800
EIP=0x76d4c42d, EFLAGS=0x00000202

Top of Stack: (sp=0x0b18e62c)
0x0b18e62c:   c0020001 00000001 00000000 76d4c42d
0x0b18e63c:   00000001 8007042b 0b18e68c 0b41a800
0x0b18e64c:   0b18e6a4 6c2fb201 2031b826 2031b826
0x0b18e65c:   6c2e6808 0000004a 0b41a800 00000000
0x0b18e66c:   0b18e69c 6c3471fa 0b41a800 202dbec8
0x0b18e67c:   0b18e698 6be9e96b c0020001 00000001
0x0b18e68c:   00000001 0b18e694 8007042b 0b18e6a8
0x0b18e69c:   6be2d984 8007042b 203002d0 0b18e6c8 

Instructions: (pc=0x76d4c42d)
0x76d4c40d:   02 50 ff 75 14 8d 45 c4 50 e8 57 ad 02 00 83 c4
0x76d4c41d:   0c eb 03 89 45 c0 8d 45 b0 50 ff 15 5c 11 d4 76
0x76d4c42d:   c9 c2 10 00 cc cc cc cc cc 8b ff 55 8b ec 56 8b
0x76d4c43d:   75 08 83 fe f4 72 18 83 fe f6 77 13 8d 45 08 50 


Register to memory mapping:

EAX=0x0b18e62c is pointing into the stack for thread: 0x0b41a800
EBX=0x203002d0 is an oop
{method} 
 - klass: {other class}
ECX=0x00000001 is an unknown value
EDX=0x00000000 is an unknown value
ESP=0x0b18e62c is pointing into the stack for thread: 0x0b41a800
EBP=0x0b18e67c is pointing into the stack for thread: 0x0b41a800
ESI=0x0652f180 is an unknown value
EDI=0x0b41a800 is a thread


Stack: [0x0b090000,0x0b190000],  sp=0x0b18e62c,  free space=1017k
Native frames: (J=compiled Java code, j=interpreted, Vv=VM code, C=native code)
C  [KERNELBASE.dll+0xc42d]
C  [mscorwks.dll+0x24e96b]
C  [mscorwks.dll+0x1dd984]
C  [mscorwks.dll+0x1e6d]
j  flash.tools.debugger.__IProgress.setProgress(II)V+0
j  flash.tools.debugger.concrete.PlayerSessionManager.accept(Lflash/tools/debugger/concrete/ProcessListener;Lflash/tools/debugger/IProgress;)Lflash/tools/debugger/Session;+96
j  flash.tools.debugger.concrete.PlayerSessionManager.accept(Lflash/tools/debugger/IProgress;)Lflash/tools/debugger/Session;+3
v  ~StubRoutines::call_stub
V  [jvm.dll+0x13f1fa]
V  [jvm.dll+0x202aee]
V  [jvm.dll+0x13f27d]
V